# JRE version: OpenJDK Runtime Environment (17.0.11) (build 17.0.11+0--11852314)
# Java VM: OpenJDK 64-Bit Server VM (17.0.11+0--11852314, mixed mode, tiered, compressed oops, compressed class ptrs, g1 gc, windows-amd64)
GC Precious Log:
 CPUs: 4 total, 4 available
 Memory: 6082M
 Large Page Support: Disabled
 NUMA Support: Disabled
 Compressed Oops: Enabled (32-bit)
 Heap Region Size: 1M
 Heap Min Capacity: 8M
 Heap Initial Capacity: 96M
 Heap Max Capacity: 2G
 Pre-touch: Disabled
 Parallel Workers: 4
 Concurrent Workers: 1
 Concurrent Refinement Workers: 4
 Periodic GC: Disabled
Heap:
 garbage-first heap   total 324608K, used 202751K [0x0000000080000000, 0x0000000100000000)
  region size 1024K, 43 young (44032K), 5 survivors (5120K)
 Metaspace       used 142820K, committed 143744K, reserved 1179648K
  class space    used 19126K, committed 19584K, reserved 1048576K
GC Heap History (20 events):
Event: 61.685 GC heap before
{Heap before GC invocations=60 (full 0):
 garbage-first heap   total 270336K, used 228038K [0x0000000080000000, 0x0000000100000000)
  region size 1024K, 78 young (79872K), 5 survivors (5120K)
 Metaspace       used 125211K, committed 126016K, reserved 1179648K
  class space    used 17154K, committed 17536K, reserved 1048576K
}
Event: 61.696 GC heap after
{Heap after GC invocations=61 (full 0):
 garbage-first heap   total 270336K, used 151061K [0x0000000080000000, 0x0000000100000000)
  region size 1024K, 3 young (3072K), 3 survivors (3072K)
 Metaspace       used 125211K, committed 126016K, reserved 1179648K
  class space    used 17154K, committed 17536K, reserved 1048576K
}
Event: 62.149 GC heap before
{Heap before GC invocations=61 (full 0):
 garbage-first heap   total 270336K, used 230933K [0x0000000080000000, 0x0000000100000000)
  region size 1024K, 81 young (82944K), 3 survivors (3072K)
 Metaspace       used 125354K, committed 126144K, reserved 1179648K
  class space    used 17176K, committed 17536K, reserved 1048576K
}
Event: 62.161 GC heap after
{Heap after GC invocations=62 (full 0):
 garbage-first heap   total 270336K, used 151803K [0x0000000080000000, 0x0000000100000000)
  region size 1024K, 4 young (4096K), 4 survivors (4096K)
 Metaspace       used 125354K, committed 126144K, reserved 1179648K
  class space    used 17176K, committed 17536K, reserved 1048576K
}
Event: 62.722 GC heap before
{Heap before GC invocations=62 (full 0):
 garbage-first heap   total 270336K, used 232699K [0x0000000080000000, 0x0000000100000000)
  region size 1024K, 83 young (84992K), 4 survivors (4096K)
 Metaspace       used 125751K, committed 126528K, reserved 1179648K
  class space    used 17254K, committed 17600K, reserved 1048576K
}
Event: 62.734 GC heap after
{Heap after GC invocations=63 (full 0):
 garbage-first heap   total 270336K, used 152455K [0x0000000080000000, 0x0000000100000000)
  region size 1024K, 5 young (5120K), 5 survivors (5120K)
 Metaspace       used 125751K, committed 126528K, reserved 1179648K
  class space    used 17254K, committed 17600K, reserved 1048576K
}
Event: 63.789 GC heap before
{Heap before GC invocations=63 (full 0):
 garbage-first heap   total 270336K, used 233351K [0x0000000080000000, 0x0000000100000000)
  region size 1024K, 85 young (87040K), 5 survivors (5120K)
 Metaspace       used 126224K, committed 127040K, reserved 1179648K
  class space    used 17291K, committed 17664K, reserved 1048576K
}
Event: 63.805 GC heap after
{Heap after GC invocations=64 (full 0):
 garbage-first heap   total 324608K, used 157254K [0x0000000080000000, 0x0000000100000000)
  region size 1024K, 9 young (9216K), 9 survivors (9216K)
 Metaspace       used 126224K, committed 127040K, reserved 1179648K
  class space    used 17291K, committed 17664K, reserved 1048576K
}
Event: 66.278 GC heap before
{Heap before GC invocations=64 (full 0):
 garbage-first heap   total 324608K, used 270918K [0x0000000080000000, 0x0000000100000000)
  region size 1024K, 121 young (123904K), 9 survivors (9216K)
 Metaspace       used 127187K, committed 127936K, reserved 1179648K
  class space    used 17435K, committed 17792K, reserved 1048576K
}
Event: 66.298 GC heap after
{Heap after GC invocations=65 (full 0):
 garbage-first heap   total 324608K, used 159412K [0x0000000080000000, 0x0000000100000000)
  region size 1024K, 11 young (11264K), 11 survivors (11264K)
 Metaspace       used 127187K, committed 127936K, reserved 1179648K
  class space    used 17435K, committed 17792K, reserved 1048576K
}
Event: 70.454 GC heap before
{Heap before GC invocations=65 (full 0):
 garbage-first heap   total 324608K, used 290484K [0x0000000080000000, 0x0000000100000000)
  region size 1024K, 118 young (120832K), 11 survivors (11264K)
 Metaspace       used 130385K, committed 131264K, reserved 1179648K
  class space    used 17827K, committed 18304K, reserved 1048576K
}
Event: 70.478 GC heap after
{Heap after GC invocations=66 (full 0):
 garbage-first heap   total 324608K, used 167605K [0x0000000080000000, 0x0000000100000000)
  region size 1024K, 10 young (10240K), 10 survivors (10240K)
 Metaspace       used 130385K, committed 131264K, reserved 1179648K
  class space    used 17827K, committed 18304K, reserved 1048576K
}
Event: 71.714 GC heap before
{Heap before GC invocations=66 (full 0):
 garbage-first heap   total 324608K, used 190133K [0x0000000080000000, 0x0000000100000000)
  region size 1024K, 21 young (21504K), 10 survivors (10240K)
 Metaspace       used 131284K, committed 132096K, reserved 1179648K
  class space    used 17955K, committed 18368K, reserved 1048576K
}
Event: 71.730 GC heap after
{Heap after GC invocations=67 (full 0):
 garbage-first heap   total 324608K, used 158979K [0x0000000080000000, 0x0000000100000000)
  region size 1024K, 8 young (8192K), 8 survivors (8192K)
 Metaspace       used 131284K, committed 132096K, reserved 1179648K
  class space    used 17955K, committed 18368K, reserved 1048576K
}
Event: 224.456 GC heap before
{Heap before GC invocations=68 (full 0):
 garbage-first heap   total 324608K, used 276739K [0x0000000080000000, 0x0000000100000000)
  region size 1024K, 124 young (126976K), 8 survivors (8192K)
 Metaspace       used 136327K, committed 137280K, reserved 1179648K
  class space    used 18408K, committed 18880K, reserved 1048576K
}
Event: 224.828 GC heap after
{Heap after GC invocations=69 (full 0):
 garbage-first heap   total 324608K, used 167552K [0x0000000080000000, 0x0000000100000000)
  region size 1024K, 16 young (16384K), 16 survivors (16384K)
 Metaspace       used 136327K, committed 137280K, reserved 1179648K
  class space    used 18408K, committed 18880K, reserved 1048576K
}
Event: 224.869 GC heap before
{Heap before GC invocations=69 (full 0):
 garbage-first heap   total 324608K, used 168576K [0x0000000080000000, 0x0000000100000000)
  region size 1024K, 17 young (17408K), 16 survivors (16384K)
 Metaspace       used 136328K, committed 137280K, reserved 1179648K
  class space    used 18408K, committed 18880K, reserved 1048576K
}
Event: 225.470 GC heap after
{Heap after GC invocations=70 (full 0):
 garbage-first heap   total 324608K, used 159204K [0x0000000080000000, 0x0000000100000000)
  region size 1024K, 2 young (2048K), 2 survivors (2048K)
 Metaspace       used 136328K, committed 137280K, reserved 1179648K
  class space    used 18408K, committed 18880K, reserved 1048576K
}
Event: 239.530 GC heap before
{Heap before GC invocations=70 (full 0):
 garbage-first heap   total 324608K, used 305636K [0x0000000080000000, 0x0000000100000000)
  region size 1024K, 113 young (115712K), 2 survivors (2048K)
 Metaspace       used 141358K, committed 142336K, reserved 1179648K
  class space    used 18965K, committed 19456K, reserved 1048576K
}
Event: 239.551 GC heap after
{Heap after GC invocations=71 (full 0):
 garbage-first heap   total 324608K, used 161791K [0x0000000080000000, 0x0000000100000000)
  region size 1024K, 5 young (5120K), 5 survivors (5120K)
 Metaspace       used 141358K, committed 142336K, reserved 1179648K
  class space    used 18965K, committed 19456K, reserved 1048576K
}

