# JRE version: OpenJDK Runtime Environment (17.0.11) (build 17.0.11+0--11852314)
# Java VM: OpenJDK 64-Bit Server VM (17.0.11+0--11852314, mixed mode, tiered, compressed oops, compressed class ptrs, g1 gc, windows-amd64)
GC Precious Log:
 CPUs: 4 total, 4 available
 Memory: 6082M
 Large Page Support: Disabled
 NUMA Support: Disabled
 Compressed Oops: Enabled (32-bit)
 Heap Region Size: 1M
 Heap Min Capacity: 8M
 Heap Initial Capacity: 96M
 Heap Max Capacity: 2G
 Pre-touch: Disabled
 Parallel Workers: 4
 Concurrent Workers: 1
 Concurrent Refinement Workers: 4
 Periodic GC: Disabled
Heap:
 garbage-first heap   total 372736K, used 259584K [0x0000000080000000, 0x0000000100000000)
  region size 1024K, 7 young (7168K), 7 survivors (7168K)
 Metaspace       used 137774K, committed 138688K, reserved 1179648K
  class space    used 18348K, committed 18816K, reserved 1048576K
GC Heap History (20 events):
Event: 70.003 GC heap after
{Heap after GC invocations=60 (full 0):
 garbage-first heap   total 250880K, used 170893K [0x0000000080000000, 0x0000000100000000)
  region size 1024K, 6 young (6144K), 6 survivors (6144K)
 Metaspace       used 126472K, committed 127360K, reserved 1179648K
  class space    used 16624K, committed 17088K, reserved 1048576K
}
Event: 71.843 GC heap before
{Heap before GC invocations=60 (full 0):
 garbage-first heap   total 250880K, used 208781K [0x0000000080000000, 0x0000000100000000)
  region size 1024K, 44 young (45056K), 6 survivors (6144K)
 Metaspace       used 127112K, committed 128000K, reserved 1179648K
  class space    used 16693K, committed 17152K, reserved 1048576K
}
Event: 71.860 GC heap after
{Heap after GC invocations=61 (full 0):
 garbage-first heap   total 250880K, used 171971K [0x0000000080000000, 0x0000000100000000)
  region size 1024K, 4 young (4096K), 4 survivors (4096K)
 Metaspace       used 127112K, committed 128000K, reserved 1179648K
  class space    used 16693K, committed 17152K, reserved 1048576K
}
Event: 73.267 GC heap before
{Heap before GC invocations=61 (full 0):
 garbage-first heap   total 250880K, used 209859K [0x0000000080000000, 0x0000000100000000)
  region size 1024K, 42 young (43008K), 4 survivors (4096K)
 Metaspace       used 127383K, committed 128256K, reserved 1179648K
  class space    used 16732K, committed 17152K, reserved 1048576K
}
Event: 73.276 GC heap after
{Heap after GC invocations=62 (full 0):
 garbage-first heap   total 250880K, used 173285K [0x0000000080000000, 0x0000000100000000)
  region size 1024K, 4 young (4096K), 4 survivors (4096K)
 Metaspace       used 127383K, committed 128256K, reserved 1179648K
  class space    used 16732K, committed 17152K, reserved 1048576K
}
Event: 74.268 GC heap before
{Heap before GC invocations=62 (full 0):
 garbage-first heap   total 250880K, used 211173K [0x0000000080000000, 0x0000000100000000)
  region size 1024K, 42 young (43008K), 4 survivors (4096K)
 Metaspace       used 127658K, committed 128576K, reserved 1179648K
  class space    used 16766K, committed 17216K, reserved 1048576K
}
Event: 74.279 GC heap after
{Heap after GC invocations=63 (full 0):
 garbage-first heap   total 250880K, used 174267K [0x0000000080000000, 0x0000000100000000)
  region size 1024K, 4 young (4096K), 4 survivors (4096K)
 Metaspace       used 127658K, committed 128576K, reserved 1179648K
  class space    used 16766K, committed 17216K, reserved 1048576K
}
Event: 75.649 GC heap before
{Heap before GC invocations=63 (full 0):
 garbage-first heap   total 250880K, used 212155K [0x0000000080000000, 0x0000000100000000)
  region size 1024K, 41 young (41984K), 4 survivors (4096K)
 Metaspace       used 130165K, committed 131072K, reserved 1179648K
  class space    used 17133K, committed 17600K, reserved 1048576K
}
Event: 75.659 GC heap after
{Heap after GC invocations=64 (full 0):
 garbage-first heap   total 250880K, used 177313K [0x0000000080000000, 0x0000000100000000)
  region size 1024K, 6 young (6144K), 6 survivors (6144K)
 Metaspace       used 130165K, committed 131072K, reserved 1179648K
  class space    used 17133K, committed 17600K, reserved 1048576K
}
Event: 76.439 GC heap before
{Heap before GC invocations=64 (full 0):
 garbage-first heap   total 250880K, used 209057K [0x0000000080000000, 0x0000000100000000)
  region size 1024K, 31 young (31744K), 6 survivors (6144K)
 Metaspace       used 131668K, committed 132544K, reserved 1179648K
  class space    used 17345K, committed 17792K, reserved 1048576K
}
Event: 76.453 GC heap after
{Heap after GC invocations=65 (full 0):
 garbage-first heap   total 250880K, used 188730K [0x0000000080000000, 0x0000000100000000)
  region size 1024K, 5 young (5120K), 5 survivors (5120K)
 Metaspace       used 131668K, committed 132544K, reserved 1179648K
  class space    used 17345K, committed 17792K, reserved 1048576K
}
Event: 77.083 GC heap before
{Heap before GC invocations=65 (full 0):
 garbage-first heap   total 372736K, used 226618K [0x0000000080000000, 0x0000000100000000)
  region size 1024K, 29 young (29696K), 5 survivors (5120K)
 Metaspace       used 131739K, committed 132608K, reserved 1179648K
  class space    used 17346K, committed 17792K, reserved 1048576K
}
Event: 77.098 GC heap after
{Heap after GC invocations=66 (full 0):
 garbage-first heap   total 372736K, used 196113K [0x0000000080000000, 0x0000000100000000)
  region size 1024K, 4 young (4096K), 4 survivors (4096K)
 Metaspace       used 131739K, committed 132608K, reserved 1179648K
  class space    used 17346K, committed 17792K, reserved 1048576K
}
Event: 78.918 GC heap before
{Heap before GC invocations=67 (full 0):
 garbage-first heap   total 372736K, used 307729K [0x0000000080000000, 0x0000000100000000)
  region size 1024K, 112 young (114688K), 4 survivors (4096K)
 Metaspace       used 135053K, committed 135936K, reserved 1179648K
  class space    used 17991K, committed 18432K, reserved 1048576K
}
Event: 79.055 GC heap after
{Heap after GC invocations=68 (full 0):
 garbage-first heap   total 372736K, used 237050K [0x0000000080000000, 0x0000000100000000)
  region size 1024K, 14 young (14336K), 14 survivors (14336K)
 Metaspace       used 135053K, committed 135936K, reserved 1179648K
  class space    used 17991K, committed 18432K, reserved 1048576K
}
Event: 79.186 GC heap before
{Heap before GC invocations=68 (full 0):
 garbage-first heap   total 372736K, used 241146K [0x0000000080000000, 0x0000000100000000)
  region size 1024K, 18 young (18432K), 14 survivors (14336K)
 Metaspace       used 135055K, committed 135936K, reserved 1179648K
  class space    used 17991K, committed 18432K, reserved 1048576K
}
Event: 79.272 GC heap after
{Heap after GC invocations=69 (full 0):
 garbage-first heap   total 372736K, used 218624K [0x0000000080000000, 0x0000000100000000)
  region size 1024K, 3 young (3072K), 3 survivors (3072K)
 Metaspace       used 135055K, committed 135936K, reserved 1179648K
  class space    used 17991K, committed 18432K, reserved 1048576K
}
Event: 80.900 GC heap before
{Heap before GC invocations=69 (full 0):
 garbage-first heap   total 372736K, used 288256K [0x0000000080000000, 0x0000000100000000)
  region size 1024K, 72 young (73728K), 3 survivors (3072K)
 Metaspace       used 135779K, committed 136704K, reserved 1179648K
  class space    used 18096K, committed 18560K, reserved 1048576K
}
Event: 80.980 GC heap after
{Heap after GC invocations=70 (full 0):
 garbage-first heap   total 372736K, used 251392K [0x0000000080000000, 0x0000000100000000)
  region size 1024K, 9 young (9216K), 9 survivors (9216K)
 Metaspace       used 135779K, committed 136704K, reserved 1179648K
  class space    used 18096K, committed 18560K, reserved 1048576K
}
Event: 81.855 GC heap before
{Heap before GC invocations=70 (full 0):
 garbage-first heap   total 372736K, used 293376K [0x0000000080000000, 0x0000000100000000)
  region size 1024K, 51 young (52224K), 9 survivors (9216K)
 Metaspace       used 137774K, committed 138688K, reserved 1179648K
  class space    used 18348K, committed 18816K, reserved 1048576K
}

