# JRE version: OpenJDK Runtime Environment (17.0.11) (build 17.0.11+0--11852314)
# Java VM: OpenJDK 64-Bit Server VM (17.0.11+0--11852314, mixed mode, tiered, compressed oops, compressed class ptrs, g1 gc, windows-amd64)
GC Precious Log:
 CPUs: 4 total, 4 available
 Memory: 6082M
 Large Page Support: Disabled
 NUMA Support: Disabled
 Compressed Oops: Enabled (32-bit)
 Heap Region Size: 1M
 Heap Min Capacity: 8M
 Heap Initial Capacity: 96M
 Heap Max Capacity: 2G
 Pre-touch: Disabled
 Parallel Workers: 4
 Concurrent Workers: 1
 Concurrent Refinement Workers: 4
 Periodic GC: Disabled
Heap:
 garbage-first heap   total 482304K, used 231765K [0x0000000080000000, 0x0000000100000000)
  region size 1024K, 51 young (52224K), 6 survivors (6144K)
 Metaspace       used 155584K, committed 156608K, reserved 1245184K
  class space    used 20824K, committed 21312K, reserved 1048576K
GC Heap History (20 events):
Event: 81.573 GC heap before
{Heap before GC invocations=62 (full 0):
 garbage-first heap   total 414720K, used 337920K [0x0000000080000000, 0x0000000100000000)
  region size 1024K, 23 young (23552K), 4 survivors (4096K)
 Metaspace       used 145061K, committed 145920K, reserved 1179648K
  class space    used 19619K, committed 20032K, reserved 1048576K
}
Event: 81.584 GC heap after
{Heap after GC invocations=63 (full 0):
 garbage-first heap   total 414720K, used 322526K [0x0000000080000000, 0x0000000100000000)
  region size 1024K, 3 young (3072K), 3 survivors (3072K)
 Metaspace       used 145061K, committed 145920K, reserved 1179648K
  class space    used 19619K, committed 20032K, reserved 1048576K
}
Event: 81.927 GC heap before
{Heap before GC invocations=63 (full 0):
 garbage-first heap   total 414720K, used 343006K [0x0000000080000000, 0x0000000100000000)
  region size 1024K, 23 young (23552K), 3 survivors (3072K)
 Metaspace       used 145210K, committed 146112K, reserved 1179648K
  class space    used 19639K, committed 20096K, reserved 1048576K
}
Event: 81.940 GC heap after
{Heap after GC invocations=64 (full 0):
 garbage-first heap   total 414720K, used 326421K [0x0000000080000000, 0x0000000100000000)
  region size 1024K, 3 young (3072K), 3 survivors (3072K)
 Metaspace       used 145210K, committed 146112K, reserved 1179648K
  class space    used 19639K, committed 20096K, reserved 1048576K
}
Event: 82.732 GC heap before
{Heap before GC invocations=64 (full 0):
 garbage-first heap   total 414720K, used 345877K [0x0000000080000000, 0x0000000100000000)
  region size 1024K, 23 young (23552K), 3 survivors (3072K)
 Metaspace       used 146061K, committed 146944K, reserved 1179648K
  class space    used 19764K, committed 20224K, reserved 1048576K
}
Event: 82.745 GC heap after
{Heap after GC invocations=65 (full 0):
 garbage-first heap   total 414720K, used 329592K [0x0000000080000000, 0x0000000100000000)
  region size 1024K, 3 young (3072K), 3 survivors (3072K)
 Metaspace       used 146061K, committed 146944K, reserved 1179648K
  class space    used 19764K, committed 20224K, reserved 1048576K
}
Event: 83.162 GC heap before
{Heap before GC invocations=65 (full 0):
 garbage-first heap   total 414720K, used 351096K [0x0000000080000000, 0x0000000100000000)
  region size 1024K, 23 young (23552K), 3 survivors (3072K)
 Metaspace       used 146901K, committed 147776K, reserved 1179648K
  class space    used 19867K, committed 20288K, reserved 1048576K
}
Event: 83.171 GC heap after
{Heap after GC invocations=66 (full 0):
 garbage-first heap   total 414720K, used 332473K [0x0000000080000000, 0x0000000100000000)
  region size 1024K, 3 young (3072K), 3 survivors (3072K)
 Metaspace       used 146901K, committed 147776K, reserved 1179648K
  class space    used 19867K, committed 20288K, reserved 1048576K
}
Event: 83.627 GC heap before
{Heap before GC invocations=66 (full 0):
 garbage-first heap   total 414720K, used 352953K [0x0000000080000000, 0x0000000100000000)
  region size 1024K, 24 young (24576K), 3 survivors (3072K)
 Metaspace       used 147588K, committed 148480K, reserved 1179648K
  class space    used 19949K, committed 20352K, reserved 1048576K
}
Event: 83.639 GC heap after
{Heap after GC invocations=67 (full 0):
 garbage-first heap   total 414720K, used 336299K [0x0000000080000000, 0x0000000100000000)
  region size 1024K, 3 young (3072K), 3 survivors (3072K)
 Metaspace       used 147588K, committed 148480K, reserved 1179648K
  class space    used 19949K, committed 20352K, reserved 1048576K
}
Event: 84.086 GC heap before
{Heap before GC invocations=67 (full 0):
 garbage-first heap   total 414720K, used 354731K [0x0000000080000000, 0x0000000100000000)
  region size 1024K, 22 young (22528K), 3 survivors (3072K)
 Metaspace       used 149112K, committed 150016K, reserved 1179648K
  class space    used 20185K, committed 20608K, reserved 1048576K
}
Event: 84.097 GC heap after
{Heap after GC invocations=68 (full 0):
 garbage-first heap   total 414720K, used 338372K [0x0000000080000000, 0x0000000100000000)
  region size 1024K, 2 young (2048K), 2 survivors (2048K)
 Metaspace       used 149112K, committed 150016K, reserved 1179648K
  class space    used 20185K, committed 20608K, reserved 1048576K
}
Event: 84.661 GC heap before
{Heap before GC invocations=68 (full 0):
 garbage-first heap   total 414720K, used 209348K [0x0000000080000000, 0x0000000100000000)
  region size 1024K, 22 young (22528K), 2 survivors (2048K)
 Metaspace       used 150627K, committed 151552K, reserved 1245184K
  class space    used 20394K, committed 20864K, reserved 1048576K
}
Event: 84.672 GC heap after
{Heap after GC invocations=69 (full 0):
 garbage-first heap   total 414720K, used 191880K [0x0000000080000000, 0x0000000100000000)
  region size 1024K, 2 young (2048K), 2 survivors (2048K)
 Metaspace       used 150627K, committed 151552K, reserved 1245184K
  class space    used 20394K, committed 20864K, reserved 1048576K
}
Event: 87.389 GC heap before
{Heap before GC invocations=70 (full 0):
 garbage-first heap   total 414720K, used 305544K [0x0000000080000000, 0x0000000100000000)
  region size 1024K, 113 young (115712K), 2 survivors (2048K)
 Metaspace       used 153303K, committed 154240K, reserved 1245184K
  class space    used 20589K, committed 21056K, reserved 1048576K
}
Event: 87.403 GC heap after
{Heap after GC invocations=71 (full 0):
 garbage-first heap   total 414720K, used 195369K [0x0000000080000000, 0x0000000100000000)
  region size 1024K, 6 young (6144K), 6 survivors (6144K)
 Metaspace       used 153303K, committed 154240K, reserved 1245184K
  class space    used 20589K, committed 21056K, reserved 1048576K
}
Event: 87.550 GC heap before
{Heap before GC invocations=71 (full 0):
 garbage-first heap   total 414720K, used 208681K [0x0000000080000000, 0x0000000100000000)
  region size 1024K, 20 young (20480K), 6 survivors (6144K)
 Metaspace       used 153339K, committed 154368K, reserved 1245184K
  class space    used 20592K, committed 21120K, reserved 1048576K
}
Event: 87.566 GC heap after
{Heap after GC invocations=72 (full 0):
 garbage-first heap   total 414720K, used 159547K [0x0000000080000000, 0x0000000100000000)
  region size 1024K, 1 young (1024K), 1 survivors (1024K)
 Metaspace       used 153339K, committed 154368K, reserved 1245184K
  class space    used 20592K, committed 21120K, reserved 1048576K
}
Event: 90.651 GC heap before
{Heap before GC invocations=72 (full 0):
 garbage-first heap   total 414720K, used 308027K [0x0000000080000000, 0x0000000100000000)
  region size 1024K, 144 young (147456K), 1 survivors (1024K)
 Metaspace       used 154048K, committed 155008K, reserved 1245184K
  class space    used 20638K, committed 21120K, reserved 1048576K
}
Event: 90.664 GC heap after
{Heap after GC invocations=73 (full 0):
 garbage-first heap   total 482304K, used 164181K [0x0000000080000000, 0x0000000100000000)
  region size 1024K, 6 young (6144K), 6 survivors (6144K)
 Metaspace       used 154048K, committed 155008K, reserved 1245184K
  class space    used 20638K, committed 21120K, reserved 1048576K
}

