# JRE version: OpenJDK Runtime Environment (17.0.11) (build 17.0.11+0--11852314)
# Java VM: OpenJDK 64-Bit Server VM (17.0.11+0--11852314, mixed mode, tiered, compressed oops, compressed class ptrs, g1 gc, windows-amd64)
GC Precious Log:
 CPUs: 4 total, 4 available
 Memory: 6082M
 Large Page Support: Disabled
 NUMA Support: Disabled
 Compressed Oops: Enabled (32-bit)
 Heap Region Size: 1M
 Heap Min Capacity: 8M
 Heap Initial Capacity: 96M
 Heap Max Capacity: 1522M
 Pre-touch: Disabled
 Parallel Workers: 4
 Concurrent Workers: 1
 Concurrent Refinement Workers: 4
 Periodic GC: Disabled
Heap:
 garbage-first heap   total 284672K, used 117760K [0x00000000a0e00000, 0x0000000100000000)
  region size 1024K, 53 young (54272K), 19 survivors (19456K)
 Metaspace       used 68131K, committed 68416K, reserved 1114112K
  class space    used 7846K, committed 8000K, reserved 1048576K
GC Heap History (20 events):
Event: 11.652 GC heap before
{Heap before GC invocations=20 (full 0):
 garbage-first heap   total 75776K, used 57344K [0x00000000a0e00000, 0x0000000100000000)
  region size 1024K, 17 young (17408K), 3 survivors (3072K)
 Metaspace       used 57546K, committed 57792K, reserved 1114112K
  class space    used 6759K, committed 6848K, reserved 1048576K
}
Event: 11.672 GC heap after
{Heap after GC invocations=21 (full 0):
 garbage-first heap   total 75776K, used 46394K [0x00000000a0e00000, 0x0000000100000000)
  region size 1024K, 3 young (3072K), 3 survivors (3072K)
 Metaspace       used 57546K, committed 57792K, reserved 1114112K
  class space    used 6759K, committed 6848K, reserved 1048576K
}
Event: 11.732 GC heap before
{Heap before GC invocations=21 (full 0):
 garbage-first heap   total 75776K, used 47418K [0x00000000a0e00000, 0x0000000100000000)
  region size 1024K, 4 young (4096K), 3 survivors (3072K)
 Metaspace       used 57554K, committed 57792K, reserved 1114112K
  class space    used 6760K, committed 6848K, reserved 1048576K
}
Event: 11.743 GC heap after
{Heap after GC invocations=22 (full 0):
 garbage-first heap   total 94208K, used 46251K [0x00000000a0e00000, 0x0000000100000000)
  region size 1024K, 1 young (1024K), 1 survivors (1024K)
 Metaspace       used 57554K, committed 57792K, reserved 1114112K
  class space    used 6760K, committed 6848K, reserved 1048576K
}
Event: 12.486 GC heap before
{Heap before GC invocations=22 (full 0):
 garbage-first heap   total 94208K, used 70827K [0x00000000a0e00000, 0x0000000100000000)
  region size 1024K, 25 young (25600K), 1 survivors (1024K)
 Metaspace       used 57896K, committed 58176K, reserved 1114112K
  class space    used 6780K, committed 6912K, reserved 1048576K
}
Event: 12.506 GC heap after
{Heap after GC invocations=23 (full 0):
 garbage-first heap   total 94208K, used 50796K [0x00000000a0e00000, 0x0000000100000000)
  region size 1024K, 4 young (4096K), 4 survivors (4096K)
 Metaspace       used 57896K, committed 58176K, reserved 1114112K
  class space    used 6780K, committed 6912K, reserved 1048576K
}
Event: 13.103 GC heap before
{Heap before GC invocations=24 (full 0):
 garbage-first heap   total 94208K, used 72300K [0x00000000a0e00000, 0x0000000100000000)
  region size 1024K, 25 young (25600K), 4 survivors (4096K)
 Metaspace       used 58022K, committed 58304K, reserved 1114112K
  class space    used 6785K, committed 6912K, reserved 1048576K
}
Event: 13.125 GC heap after
{Heap after GC invocations=25 (full 0):
 garbage-first heap   total 94208K, used 54916K [0x00000000a0e00000, 0x0000000100000000)
  region size 1024K, 4 young (4096K), 4 survivors (4096K)
 Metaspace       used 58022K, committed 58304K, reserved 1114112K
  class space    used 6785K, committed 6912K, reserved 1048576K
}
Event: 13.138 GC heap before
{Heap before GC invocations=25 (full 0):
 garbage-first heap   total 94208K, used 55940K [0x00000000a0e00000, 0x0000000100000000)
  region size 1024K, 5 young (5120K), 4 survivors (4096K)
 Metaspace       used 58024K, committed 58304K, reserved 1114112K
  class space    used 6785K, committed 6912K, reserved 1048576K
}
Event: 13.149 GC heap after
{Heap after GC invocations=26 (full 0):
 garbage-first heap   total 94208K, used 55345K [0x00000000a0e00000, 0x0000000100000000)
  region size 1024K, 1 young (1024K), 1 survivors (1024K)
 Metaspace       used 58024K, committed 58304K, reserved 1114112K
  class space    used 6785K, committed 6912K, reserved 1048576K
}
Event: 13.505 GC heap before
{Heap before GC invocations=26 (full 0):
 garbage-first heap   total 94208K, used 73777K [0x00000000a0e00000, 0x0000000100000000)
  region size 1024K, 19 young (19456K), 1 survivors (1024K)
 Metaspace       used 58085K, committed 58368K, reserved 1114112K
  class space    used 6788K, committed 6912K, reserved 1048576K
}
Event: 13.518 GC heap after
{Heap after GC invocations=27 (full 0):
 garbage-first heap   total 94208K, used 58368K [0x00000000a0e00000, 0x0000000100000000)
  region size 1024K, 3 young (3072K), 3 survivors (3072K)
 Metaspace       used 58085K, committed 58368K, reserved 1114112K
  class space    used 6788K, committed 6912K, reserved 1048576K
}
Event: 13.869 GC heap before
{Heap before GC invocations=28 (full 0):
 garbage-first heap   total 109568K, used 74752K [0x00000000a0e00000, 0x0000000100000000)
  region size 1024K, 19 young (19456K), 3 survivors (3072K)
 Metaspace       used 58107K, committed 58368K, reserved 1114112K
  class space    used 6788K, committed 6912K, reserved 1048576K
}
Event: 13.888 GC heap after
{Heap after GC invocations=29 (full 0):
 garbage-first heap   total 109568K, used 61574K [0x00000000a0e00000, 0x0000000100000000)
  region size 1024K, 3 young (3072K), 3 survivors (3072K)
 Metaspace       used 58107K, committed 58368K, reserved 1114112K
  class space    used 6788K, committed 6912K, reserved 1048576K
}
Event: 13.910 GC heap before
{Heap before GC invocations=29 (full 0):
 garbage-first heap   total 109568K, used 63622K [0x00000000a0e00000, 0x0000000100000000)
  region size 1024K, 5 young (5120K), 3 survivors (3072K)
 Metaspace       used 58107K, committed 58368K, reserved 1114112K
  class space    used 6788K, committed 6912K, reserved 1048576K
}
Event: 13.922 GC heap after
{Heap after GC invocations=30 (full 0):
 garbage-first heap   total 284672K, used 62014K [0x00000000a0e00000, 0x0000000100000000)
  region size 1024K, 1 young (1024K), 1 survivors (1024K)
 Metaspace       used 58107K, committed 58368K, reserved 1114112K
  class space    used 6788K, committed 6912K, reserved 1048576K
}
Event: 15.012 GC heap before
{Heap before GC invocations=30 (full 0):
 garbage-first heap   total 284672K, used 193086K [0x00000000a0e00000, 0x0000000100000000)
  region size 1024K, 129 young (132096K), 1 survivors (1024K)
 Metaspace       used 58337K, committed 58560K, reserved 1114112K
  class space    used 6805K, committed 6912K, reserved 1048576K
}
Event: 15.025 GC heap after
{Heap after GC invocations=31 (full 0):
 garbage-first heap   total 284672K, used 67431K [0x00000000a0e00000, 0x0000000100000000)
  region size 1024K, 7 young (7168K), 7 survivors (7168K)
 Metaspace       used 58337K, committed 58560K, reserved 1114112K
  class space    used 6805K, committed 6912K, reserved 1048576K
}
Event: 23.787 GC heap before
{Heap before GC invocations=31 (full 0):
 garbage-first heap   total 284672K, used 211815K [0x00000000a0e00000, 0x0000000100000000)
  region size 1024K, 145 young (148480K), 7 survivors (7168K)
 Metaspace       used 67178K, committed 67520K, reserved 1114112K
  class space    used 7759K, committed 7936K, reserved 1048576K
}
Event: 23.825 GC heap after
{Heap after GC invocations=32 (full 0):
 garbage-first heap   total 284672K, used 83968K [0x00000000a0e00000, 0x0000000100000000)
  region size 1024K, 19 young (19456K), 19 survivors (19456K)
 Metaspace       used 67178K, committed 67520K, reserved 1114112K
  class space    used 7759K, committed 7936K, reserved 1048576K
}

