# JRE version: OpenJDK Runtime Environment (17.0.11) (build 17.0.11+0--11852314)
# Java VM: OpenJDK 64-Bit Server VM (17.0.11+0--11852314, mixed mode, tiered, compressed oops, compressed class ptrs, g1 gc, windows-amd64)
GC Precious Log:
 CPUs: 4 total, 4 available
 Memory: 6082M
 Large Page Support: Disabled
 NUMA Support: Disabled
 Compressed Oops: Enabled (32-bit)
 Heap Region Size: 1M
 Heap Min Capacity: 8M
 Heap Initial Capacity: 96M
 Heap Max Capacity: 2G
 Pre-touch: Disabled
 Parallel Workers: 4
 Concurrent Workers: 1
 Concurrent Refinement Workers: 4
 Periodic GC: Disabled
Heap:
 garbage-first heap   total 353280K, used 229799K [0x0000000080000000, 0x0000000100000000)
  region size 1024K, 7 young (7168K), 7 survivors (7168K)
 Metaspace       used 119436K, committed 120256K, reserved 1179648K
  class space    used 16524K, committed 16896K, reserved 1048576K
GC Heap History (20 events):
Event: 25.916 GC heap after
{Heap after GC invocations=37 (full 0):
 garbage-first heap   total 266240K, used 97887K [0x0000000080000000, 0x0000000100000000)
  region size 1024K, 11 young (11264K), 11 survivors (11264K)
 Metaspace       used 100598K, committed 101376K, reserved 1179648K
  class space    used 13884K, committed 14272K, reserved 1048576K
}
Event: 28.879 GC heap before
{Heap before GC invocations=37 (full 0):
 garbage-first heap   total 266240K, used 218719K [0x0000000080000000, 0x0000000100000000)
  region size 1024K, 125 young (128000K), 11 survivors (11264K)
 Metaspace       used 105330K, committed 106112K, reserved 1179648K
  class space    used 14419K, committed 14784K, reserved 1048576K
}
Event: 28.907 GC heap after
{Heap after GC invocations=38 (full 0):
 garbage-first heap   total 266240K, used 108026K [0x0000000080000000, 0x0000000100000000)
  region size 1024K, 16 young (16384K), 16 survivors (16384K)
 Metaspace       used 105330K, committed 106112K, reserved 1179648K
  class space    used 14419K, committed 14784K, reserved 1048576K
}
Event: 31.709 GC heap before
{Heap before GC invocations=38 (full 0):
 garbage-first heap   total 266240K, used 212474K [0x0000000080000000, 0x0000000100000000)
  region size 1024K, 119 young (121856K), 16 survivors (16384K)
 Metaspace       used 108754K, committed 109504K, reserved 1179648K
  class space    used 14843K, committed 15232K, reserved 1048576K
}
Event: 31.744 GC heap after
{Heap after GC invocations=39 (full 0):
 garbage-first heap   total 266240K, used 114618K [0x0000000080000000, 0x0000000100000000)
  region size 1024K, 9 young (9216K), 9 survivors (9216K)
 Metaspace       used 108754K, committed 109504K, reserved 1179648K
  class space    used 14843K, committed 15232K, reserved 1048576K
}
Event: 34.764 GC heap before
{Heap before GC invocations=39 (full 0):
 garbage-first heap   total 266240K, used 212922K [0x0000000080000000, 0x0000000100000000)
  region size 1024K, 106 young (108544K), 9 survivors (9216K)
 Metaspace       used 109665K, committed 110464K, reserved 1179648K
  class space    used 14961K, committed 15360K, reserved 1048576K
}
Event: 34.784 GC heap after
{Heap after GC invocations=40 (full 0):
 garbage-first heap   total 266240K, used 118706K [0x0000000080000000, 0x0000000100000000)
  region size 1024K, 6 young (6144K), 6 survivors (6144K)
 Metaspace       used 109665K, committed 110464K, reserved 1179648K
  class space    used 14961K, committed 15360K, reserved 1048576K
}
Event: 35.953 GC heap before
{Heap before GC invocations=40 (full 0):
 garbage-first heap   total 266240K, used 210866K [0x0000000080000000, 0x0000000100000000)
  region size 1024K, 68 young (69632K), 6 survivors (6144K)
 Metaspace       used 113348K, committed 114176K, reserved 1179648K
  class space    used 15493K, committed 15872K, reserved 1048576K
}
Event: 35.967 GC heap after
{Heap after GC invocations=41 (full 0):
 garbage-first heap   total 266240K, used 147192K [0x0000000080000000, 0x0000000100000000)
  region size 1024K, 13 young (13312K), 13 survivors (13312K)
 Metaspace       used 113348K, committed 114176K, reserved 1179648K
  class space    used 15493K, committed 15872K, reserved 1048576K
}
Event: 37.022 GC heap before
{Heap before GC invocations=41 (full 0):
 garbage-first heap   total 266240K, used 227064K [0x0000000080000000, 0x0000000100000000)
  region size 1024K, 81 young (82944K), 13 survivors (13312K)
 Metaspace       used 115835K, committed 116672K, reserved 1179648K
  class space    used 16043K, committed 16448K, reserved 1048576K
}
Event: 37.068 GC heap after
{Heap after GC invocations=42 (full 0):
 garbage-first heap   total 266240K, used 173314K [0x0000000080000000, 0x0000000100000000)
  region size 1024K, 11 young (11264K), 11 survivors (11264K)
 Metaspace       used 115835K, committed 116672K, reserved 1179648K
  class space    used 16043K, committed 16448K, reserved 1048576K
}
Event: 37.563 GC heap before
{Heap before GC invocations=42 (full 0):
 garbage-first heap   total 266240K, used 214274K [0x0000000080000000, 0x0000000100000000)
  region size 1024K, 52 young (53248K), 11 survivors (11264K)
 Metaspace       used 116362K, committed 117120K, reserved 1179648K
  class space    used 16083K, committed 16448K, reserved 1048576K
}
Event: 37.624 GC heap after
{Heap after GC invocations=43 (full 0):
 garbage-first heap   total 266240K, used 194048K [0x0000000080000000, 0x0000000100000000)
  region size 1024K, 7 young (7168K), 7 survivors (7168K)
 Metaspace       used 116362K, committed 117120K, reserved 1179648K
  class space    used 16083K, committed 16448K, reserved 1048576K
}
Event: 37.931 GC heap before
{Heap before GC invocations=43 (full 0):
 garbage-first heap   total 266240K, used 217600K [0x0000000080000000, 0x0000000100000000)
  region size 1024K, 31 young (31744K), 7 survivors (7168K)
 Metaspace       used 116368K, committed 117120K, reserved 1179648K
  class space    used 16083K, committed 16448K, reserved 1048576K
}
Event: 37.972 GC heap after
{Heap after GC invocations=44 (full 0):
 garbage-first heap   total 266240K, used 206848K [0x0000000080000000, 0x0000000100000000)
  region size 1024K, 4 young (4096K), 4 survivors (4096K)
 Metaspace       used 116368K, committed 117120K, reserved 1179648K
  class space    used 16083K, committed 16448K, reserved 1048576K
}
Event: 38.298 GC heap before
{Heap before GC invocations=45 (full 0):
 garbage-first heap   total 353280K, used 223232K [0x0000000080000000, 0x0000000100000000)
  region size 1024K, 20 young (20480K), 4 survivors (4096K)
 Metaspace       used 116371K, committed 117120K, reserved 1179648K
  class space    used 16084K, committed 16448K, reserved 1048576K
}
Event: 38.323 GC heap after
{Heap after GC invocations=46 (full 0):
 garbage-first heap   total 353280K, used 216064K [0x0000000080000000, 0x0000000100000000)
  region size 1024K, 3 young (3072K), 3 survivors (3072K)
 Metaspace       used 116371K, committed 117120K, reserved 1179648K
  class space    used 16084K, committed 16448K, reserved 1048576K
}
Event: 38.431 GC heap before
{Heap before GC invocations=46 (full 0):
 garbage-first heap   total 353280K, used 229376K [0x0000000080000000, 0x0000000100000000)
  region size 1024K, 17 young (17408K), 3 survivors (3072K)
 Metaspace       used 116371K, committed 117120K, reserved 1179648K
  class space    used 16084K, committed 16448K, reserved 1048576K
}
Event: 38.461 GC heap after
{Heap after GC invocations=47 (full 0):
 garbage-first heap   total 353280K, used 221184K [0x0000000080000000, 0x0000000100000000)
  region size 1024K, 3 young (3072K), 3 survivors (3072K)
 Metaspace       used 116371K, committed 117120K, reserved 1179648K
  class space    used 16084K, committed 16448K, reserved 1048576K
}
Event: 39.665 GC heap before
{Heap before GC invocations=47 (full 0):
 garbage-first heap   total 353280K, used 267264K [0x0000000080000000, 0x0000000100000000)
  region size 1024K, 49 young (50176K), 3 survivors (3072K)
 Metaspace       used 119436K, committed 120256K, reserved 1179648K
  class space    used 16524K, committed 16896K, reserved 1048576K
}

