# JRE version: OpenJDK Runtime Environment (17.0.11) (build 17.0.11+0--11852314)
# Java VM: OpenJDK 64-Bit Server VM (17.0.11+0--11852314, mixed mode, tiered, compressed oops, compressed class ptrs, g1 gc, windows-amd64)
GC Precious Log:
 CPUs: 4 total, 4 available
 Memory: 6082M
 Large Page Support: Disabled
 NUMA Support: Disabled
 Compressed Oops: Enabled (32-bit)
 Heap Region Size: 1M
 Heap Min Capacity: 8M
 Heap Initial Capacity: 96M
 Heap Max Capacity: 2G
 Pre-touch: Disabled
 Parallel Workers: 4
 Concurrent Workers: 1
 Concurrent Refinement Workers: 4
 Periodic GC: Disabled
Heap:
 garbage-first heap   total 304128K, used 164501K [0x0000000080000000, 0x0000000100000000)
  region size 1024K, 2 young (2048K), 2 survivors (2048K)
 Metaspace       used 113539K, committed 114368K, reserved 1179648K
  class space    used 15543K, committed 15936K, reserved 1048576K
GC Heap History (20 events):
Event: 25.340 GC heap after
{Heap after GC invocations=34 (full 0):
 garbage-first heap   total 185344K, used 100475K [0x0000000080000000, 0x0000000100000000)
  region size 1024K, 7 young (7168K), 7 survivors (7168K)
 Metaspace       used 101327K, committed 102016K, reserved 1179648K
  class space    used 13983K, committed 14336K, reserved 1048576K
}
Event: 26.655 GC heap before
{Heap before GC invocations=35 (full 0):
 garbage-first heap   total 186368K, used 156795K [0x0000000080000000, 0x0000000100000000)
  region size 1024K, 58 young (59392K), 7 survivors (7168K)
 Metaspace       used 105091K, committed 105920K, reserved 1179648K
  class space    used 14408K, committed 14784K, reserved 1048576K
}
Event: 26.679 GC heap after
{Heap after GC invocations=36 (full 0):
 garbage-first heap   total 186368K, used 107753K [0x0000000080000000, 0x0000000100000000)
  region size 1024K, 8 young (8192K), 8 survivors (8192K)
 Metaspace       used 105091K, committed 105920K, reserved 1179648K
  class space    used 14408K, committed 14784K, reserved 1048576K
}
Event: 26.692 GC heap before
{Heap before GC invocations=36 (full 0):
 garbage-first heap   total 186368K, used 108777K [0x0000000080000000, 0x0000000100000000)
  region size 1024K, 9 young (9216K), 8 survivors (8192K)
 Metaspace       used 105091K, committed 105920K, reserved 1179648K
  class space    used 14408K, committed 14784K, reserved 1048576K
}
Event: 26.711 GC heap after
{Heap after GC invocations=37 (full 0):
 garbage-first heap   total 224256K, used 109227K [0x0000000080000000, 0x0000000100000000)
  region size 1024K, 2 young (2048K), 2 survivors (2048K)
 Metaspace       used 105091K, committed 105920K, reserved 1179648K
  class space    used 14408K, committed 14784K, reserved 1048576K
}
Event: 27.843 GC heap before
{Heap before GC invocations=37 (full 0):
 garbage-first heap   total 224256K, used 179883K [0x0000000080000000, 0x0000000100000000)
  region size 1024K, 72 young (73728K), 2 survivors (2048K)
 Metaspace       used 105632K, committed 106368K, reserved 1179648K
  class space    used 14484K, committed 14848K, reserved 1048576K
}
Event: 27.855 GC heap after
{Heap after GC invocations=38 (full 0):
 garbage-first heap   total 224256K, used 112108K [0x0000000080000000, 0x0000000100000000)
  region size 1024K, 5 young (5120K), 5 survivors (5120K)
 Metaspace       used 105632K, committed 106368K, reserved 1179648K
  class space    used 14484K, committed 14848K, reserved 1048576K
}
Event: 29.927 GC heap before
{Heap before GC invocations=39 (full 0):
 garbage-first heap   total 224256K, used 180716K [0x0000000080000000, 0x0000000100000000)
  region size 1024K, 74 young (75776K), 5 survivors (5120K)
 Metaspace       used 107989K, committed 108736K, reserved 1179648K
  class space    used 14755K, committed 15104K, reserved 1048576K
}
Event: 29.941 GC heap after
{Heap after GC invocations=40 (full 0):
 garbage-first heap   total 224256K, used 113589K [0x0000000080000000, 0x0000000100000000)
  region size 1024K, 7 young (7168K), 7 survivors (7168K)
 Metaspace       used 107989K, committed 108736K, reserved 1179648K
  class space    used 14755K, committed 15104K, reserved 1048576K
}
Event: 30.014 GC heap before
{Heap before GC invocations=40 (full 0):
 garbage-first heap   total 224256K, used 116661K [0x0000000080000000, 0x0000000100000000)
  region size 1024K, 10 young (10240K), 7 survivors (7168K)
 Metaspace       used 108063K, committed 108800K, reserved 1179648K
  class space    used 14765K, committed 15104K, reserved 1048576K
}
Event: 30.028 GC heap after
{Heap after GC invocations=41 (full 0):
 garbage-first heap   total 224256K, used 112122K [0x0000000080000000, 0x0000000100000000)
  region size 1024K, 2 young (2048K), 2 survivors (2048K)
 Metaspace       used 108063K, committed 108800K, reserved 1179648K
  class space    used 14765K, committed 15104K, reserved 1048576K
}
Event: 31.183 GC heap before
{Heap before GC invocations=41 (full 0):
 garbage-first heap   total 224256K, used 181754K [0x0000000080000000, 0x0000000100000000)
  region size 1024K, 71 young (72704K), 2 survivors (2048K)
 Metaspace       used 108948K, committed 109696K, reserved 1179648K
  class space    used 14895K, committed 15232K, reserved 1048576K
}
Event: 31.195 GC heap after
{Heap after GC invocations=42 (full 0):
 garbage-first heap   total 224256K, used 116712K [0x0000000080000000, 0x0000000100000000)
  region size 1024K, 6 young (6144K), 6 survivors (6144K)
 Metaspace       used 108948K, committed 109696K, reserved 1179648K
  class space    used 14895K, committed 15232K, reserved 1048576K
}
Event: 32.082 GC heap before
{Heap before GC invocations=42 (full 0):
 garbage-first heap   total 224256K, used 193512K [0x0000000080000000, 0x0000000100000000)
  region size 1024K, 71 young (72704K), 6 survivors (6144K)
 Metaspace       used 111855K, committed 112576K, reserved 1179648K
  class space    used 15316K, committed 15680K, reserved 1048576K
}
Event: 32.097 GC heap after
{Heap after GC invocations=43 (full 0):
 garbage-first heap   total 224256K, used 134889K [0x0000000080000000, 0x0000000100000000)
  region size 1024K, 9 young (9216K), 9 survivors (9216K)
 Metaspace       used 111855K, committed 112576K, reserved 1179648K
  class space    used 15316K, committed 15680K, reserved 1048576K
}
Event: 32.666 GC heap before
{Heap before GC invocations=43 (full 0):
 garbage-first heap   total 224256K, used 169705K [0x0000000080000000, 0x0000000100000000)
  region size 1024K, 34 young (34816K), 9 survivors (9216K)
 Metaspace       used 113168K, committed 113984K, reserved 1179648K
  class space    used 15483K, committed 15872K, reserved 1048576K
}
Event: 32.677 GC heap after
{Heap after GC invocations=44 (full 0):
 garbage-first heap   total 224256K, used 141455K [0x0000000080000000, 0x0000000100000000)
  region size 1024K, 4 young (4096K), 4 survivors (4096K)
 Metaspace       used 113168K, committed 113984K, reserved 1179648K
  class space    used 15483K, committed 15872K, reserved 1048576K
}
Event: 33.426 GC heap before
{Heap before GC invocations=45 (full 0):
 garbage-first heap   total 304128K, used 196751K [0x0000000080000000, 0x0000000100000000)
  region size 1024K, 42 young (43008K), 4 survivors (4096K)
 Metaspace       used 113524K, committed 114368K, reserved 1179648K
  class space    used 15540K, committed 15936K, reserved 1048576K
}
Event: 33.482 GC heap after
{Heap after GC invocations=46 (full 0):
 garbage-first heap   total 304128K, used 162443K [0x0000000080000000, 0x0000000100000000)
  region size 1024K, 6 young (6144K), 6 survivors (6144K)
 Metaspace       used 113524K, committed 114368K, reserved 1179648K
  class space    used 15540K, committed 15936K, reserved 1048576K
}
Event: 33.736 GC heap before
{Heap before GC invocations=46 (full 0):
 garbage-first heap   total 304128K, used 171659K [0x0000000080000000, 0x0000000100000000)
  region size 1024K, 14 young (14336K), 6 survivors (6144K)
 Metaspace       used 113539K, committed 114368K, reserved 1179648K
  class space    used 15543K, committed 15936K, reserved 1048576K
}

